[INFO] Scanning for projects...
[INFO] 
[INFO] --------------------< com.fitness:Activity-Service >--------------------
[INFO] Building Activity-Service 0.0.1-SNAPSHOT
[INFO]   from pom.xml
[INFO] --------------------------------[ jar ]---------------------------------
[INFO] 
[INFO] >>> spring-boot:3.5.11:run (default-cli) > test-compile @ Activity-Service >>>
[INFO] 
[INFO] --- resources:3.3.1:resources (default-resources) @ Activity-Service ---
[INFO] Copying 1 resource from src\main\resources to target\classes
[INFO] Copying 0 resource from src\main\resources to target\classes
[INFO] 
[INFO] --- compiler:3.14.1:compile (default-compile) @ Activity-Service ---
[INFO] Recompiling the module because of changed source code.
[INFO] Compiling 12 source files with javac [debug parameters release 25] to target\classes
[INFO] 
[INFO] --- resources:3.3.1:testResources (default-testResources) @ Activity-Service ---
[INFO] skip non existing resourceDirectory D:\Fitness-App-Springboot-ReactJS\Activity-Service\src\test\resources
[INFO] 
[INFO] --- compiler:3.14.1:testCompile (default-testCompile) @ Activity-Service ---
[INFO] Recompiling the module because of changed dependency.
[INFO] Compiling 1 source file with javac [debug parameters release 25] to target\test-classes
[INFO] 
[INFO] <<< spring-boot:3.5.11:run (default-cli) < test-compile @ Activity-Service <<<
[INFO] 
[INFO] 
[INFO] --- spring-boot:3.5.11:run (default-cli) @ Activity-Service ---
[INFO] Attaching agents: []

  .   ____          _            __ _ _
 /\\ / ___'_ __ _ _(_)_ __  __ _ \ \ \ \
( ( )\___ | '_ | '_| | '_ \/ _` | \ \ \ \
 \\/  ___)| |_)| | | | | || (_| |  ) ) ) )
  '  |____| .__|_| |_|_| |_\__, | / / / /
 =========|_|==============|___/=/_/_/_/

 :: Spring Boot ::               (v3.5.11)

2026-02-26T21:12:46.586+05:30  INFO 26488 --- [Activity-Service] [           main] com.fitness.ActivityServiceApplication   : Starting ActivityServiceApplication using Java 25.0.2 with PID 26488 (D:\Fitness-App-Springboot-ReactJS\Activity-Service\target\classes started by vamck in D:\Fitness-App-Springboot-ReactJS\Activity-Service)
2026-02-26T21:12:46.589+05:30  INFO 26488 --- [Activity-Service] [           main] com.fitness.ActivityServiceApplication   : No active profile set, falling back to 1 default profile: "default"
2026-02-26T21:12:47.246+05:30  INFO 26488 --- [Activity-Service] [           main] .s.d.r.c.RepositoryConfigurationDelegate : Bootstrapping Spring Data MongoDB repositories in DEFAULT mode.
2026-02-26T21:12:47.369+05:30  INFO 26488 --- [Activity-Service] [           main] .s.d.r.c.RepositoryConfigurationDelegate : Finished Spring Data repository scanning in 116 ms. Found 1 MongoDB repository interface.
2026-02-26T21:12:47.607+05:30  INFO 26488 --- [Activity-Service] [           main] o.s.cloud.context.scope.GenericScope     : BeanFactory id=b7e9768f-9781-34d6-8532-c37505997e3f
2026-02-26T21:12:47.878+05:30  INFO 26488 --- [Activity-Service] [           main] o.s.b.w.embedded.tomcat.TomcatWebServer  : Tomcat initialized with port 21002 (http)
2026-02-26T21:12:47.901+05:30  INFO 26488 --- [Activity-Service] [           main] o.apache.catalina.core.StandardService   : Starting service [Tomcat]
2026-02-26T21:12:47.902+05:30  INFO 26488 --- [Activity-Service] [           main] o.apache.catalina.core.StandardEngine    : Starting Servlet engine: [Apache Tomcat/10.1.52]
2026-02-26T21:12:47.963+05:30  INFO 26488 --- [Activity-Service] [           main] o.a.c.c.C.[Tomcat].[localhost].[/]       : Initializing Spring embedded WebApplicationContext
2026-02-26T21:12:47.966+05:30  INFO 26488 --- [Activity-Service] [           main] w.s.c.ServletWebServerApplicationContext : Root WebApplicationContext: initialization completed in 1336 ms
2026-02-26T21:12:48.173+05:30  INFO 26488 --- [Activity-Service] [           main] org.mongodb.driver.client                : MongoClient with metadata {"driver": {"name": "mongo-java-driver|sync|spring-boot", "version": "5.5.2"}, "os": {"type": "Windows", "name": "Windows 11", "architecture": "amd64", "version": "10.0"}, "platform": "Java/Oracle Corporation/25.0.2+10-LTS-69"} created with settings MongoClientSettings{readPreference=primary, writeConcern=WriteConcern{w=null, wTimeout=null ms, journal=null}, retryWrites=true, retryReads=true, readConcern=ReadConcern{level=null}, credential=null, transportSettings=null, commandListeners=[], codecRegistry=ProvidersCodecRegistry{codecProviders=[ValueCodecProvider{}, BsonValueCodecProvider{}, DBRefCodecProvider{}, DBObjectCodecProvider{}, DocumentCodecProvider{}, CollectionCodecProvider{}, IterableCodecProvider{}, MapCodecProvider{}, GeoJsonCodecProvider{}, GridFSFileCodecProvider{}, Jsr310CodecProvider{}, JsonObjectCodecProvider{}, BsonCodecProvider{}, EnumCodecProvider{}, com.mongodb.client.model.mql.ExpressionCodecProvider@559991f5, com.mongodb.Jep395RecordCodecProvider@34c76167, com.mongodb.KotlinCodecProvider@30b3d899]}, loggerSettings=LoggerSettings{maxDocumentLength=1000}, clusterSettings={hosts=[localhost:27017], srvServiceName=mongodb, mode=SINGLE, requiredClusterType=UNKNOWN, requiredReplicaSetName='null', serverSelector='null', clusterListeners='[]', serverSelectionTimeout='30000 ms', localThreshold='15 ms'}, socketSettings=SocketSettings{connectTimeoutMS=10000, readTimeoutMS=0, receiveBufferSize=0, proxySettings=ProxySettings{host=null, port=null, username=null, password=null}}, heartbeatSocketSettings=SocketSettings{connectTimeoutMS=10000, readTimeoutMS=10000, receiveBufferSize=0, proxySettings=ProxySettings{host=null, port=null, username=null, password=null}}, connectionPoolSettings=ConnectionPoolSettings{maxSize=100, minSize=0, maxWaitTimeMS=120000, maxConnectionLifeTimeMS=0, maxConnectionIdleTimeMS=0, maintenanceInitialDelayMS=0, maintenanceFrequencyMS=60000, connectionPoolListeners=[], maxConnecting=2}, serverSettings=ServerSettings{heartbeatFrequencyMS=10000, minHeartbeatFrequencyMS=500, serverMonitoringMode=AUTO, serverListeners='[]', serverMonitorListeners='[]'}, sslSettings=SslSettings{enabled=false, invalidHostNameAllowed=false, context=null}, applicationName='null', compressorList=[], uuidRepresentation=JAVA_LEGACY, serverApi=null, autoEncryptionSettings=null, dnsClient=null, inetAddressResolver=null, contextProvider=null, timeoutMS=null}
2026-02-26T21:12:48.191+05:30  INFO 26488 --- [Activity-Service] [localhost:27017] org.mongodb.driver.cluster               : Monitor thread successfully connected to server with description ServerDescription{address=localhost:27017, type=STANDALONE, cryptd=false, state=CONNECTED, ok=true, minWireVersion=0, maxWireVersion=27, maxDocumentSize=16777216, logicalSessionTimeoutMinutes=30, roundTripTimeNanos=14790200, minRoundTripTimeNanos=0}
WARNING: A terminally deprecated method in sun.misc.Unsafe has been called
WARNING: sun.misc.Unsafe::allocateMemory has been called by io.netty.util.internal.PlatformDependent0$2 (file:/C:/Users/vamck/.m2/repository/io/netty/netty-common/4.1.131.Final/netty-common-4.1.131.Final.jar)
WARNING: Please consider reporting this to the maintainers of class io.netty.util.internal.PlatformDependent0$2
WARNING: sun.misc.Unsafe::allocateMemory will be removed in a future release
2026-02-26T21:12:49.168+05:30  INFO 26488 --- [Activity-Service] [           main] DiscoveryClientOptionalArgsConfiguration : Eureka HTTP Client uses RestTemplate.
2026-02-26T21:12:49.213+05:30  WARN 26488 --- [Activity-Service] [           main] iguration$LoadBalancerCaffeineWarnLogger : Spring Cloud LoadBalancer is currently working with the default cache. While this cache implementation is useful for development and tests, it's recommended to use Caffeine cache in production.You can switch to using Caffeine cache, by adding it and org.springframework.cache.caffeine.CaffeineCacheManager to the classpath.
2026-02-26T21:12:49.236+05:30  INFO 26488 --- [Activity-Service] [           main] o.s.c.n.eureka.InstanceInfoFactory       : Setting initial instance status as: STARTING
2026-02-26T21:12:49.258+05:30  INFO 26488 --- [Activity-Service] [           main] com.netflix.discovery.DiscoveryClient    : Initializing Eureka in region us-east-1
2026-02-26T21:12:49.262+05:30  INFO 26488 --- [Activity-Service] [           main] c.n.d.s.r.aws.ConfigClusterResolver      : Resolving eureka endpoints via configuration
2026-02-26T21:12:49.270+05:30  INFO 26488 --- [Activity-Service] [           main] com.netflix.discovery.DiscoveryClient    : Disable delta property : false
2026-02-26T21:12:49.270+05:30  INFO 26488 --- [Activity-Service] [           main] com.netflix.discovery.DiscoveryClient    : Single vip registry refresh property : null
2026-02-26T21:12:49.270+05:30  INFO 26488 --- [Activity-Service] [           main] com.netflix.discovery.DiscoveryClient    : Force full registry fetch : false
2026-02-26T21:12:49.271+05:30  INFO 26488 --- [Activity-Service] [           main] com.netflix.discovery.DiscoveryClient    : Application is null : false
2026-02-26T21:12:49.271+05:30  INFO 26488 --- [Activity-Service] [           main] com.netflix.discovery.DiscoveryClient    : Registered Applications size is zero : true
2026-02-26T21:12:49.271+05:30  INFO 26488 --- [Activity-Service] [           main] com.netflix.discovery.DiscoveryClient    : Application version is -1: true
2026-02-26T21:12:49.271+05:30  INFO 26488 --- [Activity-Service] [           main] com.netflix.discovery.DiscoveryClient    : Getting all instance registry info from the eureka server
2026-02-26T21:12:49.550+05:30  INFO 26488 --- [Activity-Service] [           main] com.netflix.discovery.DiscoveryClient    : The response status is 200
2026-02-26T21:12:49.555+05:30  INFO 26488 --- [Activity-Service] [           main] com.netflix.discovery.DiscoveryClient    : Starting heartbeat executor: renew interval is: 30
2026-02-26T21:12:49.557+05:30  INFO 26488 --- [Activity-Service] [           main] c.n.discovery.InstanceInfoReplicator     : InstanceInfoReplicator onDemand update allowed rate per min is 4
2026-02-26T21:12:49.558+05:30  INFO 26488 --- [Activity-Service] [           main] com.netflix.discovery.DiscoveryClient    : Discovery Client initialized at timestamp 1772120569557 with initial instances count: 3
2026-02-26T21:12:49.562+05:30  INFO 26488 --- [Activity-Service] [           main] o.s.c.n.e.s.EurekaServiceRegistry        : Registering application ACTIVITY-SERVICE with eureka with status UP
2026-02-26T21:12:49.562+05:30  INFO 26488 --- [Activity-Service] [           main] com.netflix.discovery.DiscoveryClient    : Saw local status change event StatusChangeEvent [timestamp=1772120569562, current=UP, previous=STARTING]
2026-02-26T21:12:49.564+05:30  INFO 26488 --- [Activity-Service] [foReplicator-%d] com.netflix.discovery.DiscoveryClient    : DiscoveryClient_ACTIVITY-SERVICE/Vamsi42.mshome.net:Activity-Service:21002: registering service...
2026-02-26T21:12:49.579+05:30  INFO 26488 --- [Activity-Service] [           main] o.s.b.w.embedded.tomcat.TomcatWebServer  : Tomcat started on port 21002 (http) with context path '/'
2026-02-26T21:12:49.580+05:30  INFO 26488 --- [Activity-Service] [           main] .s.c.n.e.s.EurekaAutoServiceRegistration : Updating port to 21002
2026-02-26T21:12:49.598+05:30  INFO 26488 --- [Activity-Service] [foReplicator-%d] com.netflix.discovery.DiscoveryClient    : DiscoveryClient_ACTIVITY-SERVICE/Vamsi42.mshome.net:Activity-Service:21002 - registration status: 204
2026-02-26T21:12:49.599+05:30  INFO 26488 --- [Activity-Service] [           main] com.fitness.ActivityServiceApplication   : Started ActivityServiceApplication in 3.461 seconds (process running for 3.949)
[INFO] ------------------------------------------------------------------------
[INFO] BUILD FAILURE
[INFO] ------------------------------------------------------------------------
[INFO] Total time:  01:49 min
[INFO] Finished at: 2026-02-26T21:14:28+05:30
[INFO] ------------------------------------------------------------------------
[ERROR] Failed to execute goal org.springframework.boot:spring-boot-maven-plugin:3.5.11:run (default-cli) on project Activity-Service: Process terminated with exit code: -1 -> [Help 1]
[ERROR] 
[ERROR] To see the full stack trace of the errors, re-run Maven with the -e switch.
[ERROR] Re-run Maven using the -X switch to enable full debug logging.
[ERROR] 
[ERROR] For more information about the errors and possible solutions, please read the following articles:
[ERROR] [Help 1] http://cwiki.apache.org/confluence/display/MAVEN/MojoExecutionException
